[2022-10-01 14:53:08] No correlation between the current tx and rx
[2022-10-01 14:53:08] Computed pathloss
[2022-10-01 14:53:08] Exiting start.py
[2022-10-01 14:56:26] No correlation between the current tx and rx
[2022-10-01 14:56:26] Computed pathloss
[2022-10-01 14:56:26] Exiting start.py
[2022-10-01 15:19:44] No correlation between the current tx and rx
[2022-10-01 15:19:44] Computed pathloss
[2022-10-01 15:19:44] Exiting start.py
[2022-10-01 15:47:28] No correlation between the current tx and rx
[2022-10-01 15:47:28] Computed pathloss
[2022-10-01 15:47:28] Exiting start.py
[2022-10-01 15:48:30] No correlation between the current tx and rx
[2022-10-01 15:48:30] Computed pathloss
[2022-10-01 15:48:30] Exiting start.py
[2022-10-01 15:54:32] No correlation between the current tx and rx
[2022-10-01 15:54:32] Computed pathloss
[2022-10-01 15:54:32] Exiting start.py
[2022-10-01 16:03:08] No correlation between the current tx and rx
[2022-10-01 16:03:08] Computed pathloss
[2022-10-01 16:03:08] Exiting start.py
[2022-10-01 16:04:45] No correlation between the current tx and rx
[2022-10-01 16:04:45] Computed pathloss
[2022-10-01 16:04:45] Exiting start.py
[2022-10-01 16:05:33] No correlation between the current tx and rx
[2022-10-01 16:05:33] Computed pathloss
[2022-10-01 16:05:33] Exiting start.py
[2022-10-01 16:07:05] No correlation between the current tx and rx
[2022-10-01 16:07:05] Computed pathloss
[2022-10-01 16:07:05] Exiting start.py
[2022-10-01 16:08:39] No correlation between the current tx and rx
[2022-10-01 16:08:39] Computed pathloss
[2022-10-01 16:08:39] Exiting start.py
[2022-10-01 16:10:16] No correlation between the current tx and rx
[2022-10-01 16:10:16] Computed pathloss
[2022-10-01 16:10:16] Exiting start.py
[2022-10-01 16:11:59] No correlation between the current tx and rx
[2022-10-01 16:11:59] Computed pathloss
[2022-10-01 16:11:59] Exiting start.py
[2022-10-01 16:12:28] No correlation between the current tx and rx
[2022-10-01 16:12:28] Computed pathloss
[2022-10-01 16:12:28] Exiting start.py
[2022-10-02 20:01:22] Computed all operations
[2022-10-02 20:12:04] Computed all operations
[2022-10-02 20:12:04] Exiting start.py
[2022-10-02 20:14:21] Computed all operations
[2022-10-02 20:14:21] Exiting start.py
[2022-10-02 23:31:17] Computed all estimation operations
[2022-10-02 23:31:17] Data has been written successfully in: path_info.csv
[2022-10-02 23:37:40] Computed all estimation operations
[2022-10-02 23:37:40] Data has been written successfully in: path_info.csv
[2022-10-02 23:38:28] Exiting start.py
[2022-10-02 23:43:14] Computed all estimation operations
[2022-10-02 23:43:14] Data has been written successfully in: results/path_info.csv
[2022-10-02 23:43:33] Exiting start.py
[2022-10-03 00:02:14] Computed all estimation operations
[2022-10-03 00:02:14] Data has been written successfully in: results/path_info.csv
[2022-10-03 00:02:31] Exiting start.py
[2022-10-03 00:45:52] Computed all estimation operations
[2022-10-03 00:45:52] Data has been written successfully in: results/path_info.csv
[2022-10-03 00:47:45] Computed all estimation operations
[2022-10-03 00:47:45] Data has been written successfully in: results/path_info.csv
[2022-10-03 00:51:40] Computed all estimation operations
[2022-10-03 00:51:40] Data has been written successfully in: results/path_info.csv
[2022-10-03 00:54:08] Computed all estimation operations
[2022-10-03 00:54:08] Data has been written successfully in: results/path_info.csv
[2022-10-03 01:00:17] Computed all estimation operations
[2022-10-03 01:00:17] Data has been written successfully in: results/path_info.csv
[2022-10-03 01:02:58] Computed all estimation operations
[2022-10-03 01:02:58] Data has been written successfully in: results/path_info.csv
[2022-10-03 01:04:31] Exiting start.py
[2022-10-03 18:26:20] Computed all estimation operations
[2022-10-03 18:26:20] Data has been written successfully in: results/path_info.csv
[2022-10-03 18:31:12] Computed all estimation operations
[2022-10-03 18:31:12] Data has been written successfully in: results/path_info.csv
[2022-10-03 18:31:13] Exiting start.py
[2022-10-03 18:37:05] Computed all estimation operations
[2022-10-03 18:37:05] Data has been written successfully in: results/path_info.csv
[2022-10-03 18:37:06] Exiting start.py
[2022-10-03 23:14:10] Computed all estimation operations
[2022-10-03 23:14:11] Path data has been written successfully in: results/path_info.csv
[2022-10-03 23:14:11] Plot has been saved successfully in: results/
[2022-10-03 23:22:11] Computed all estimation operations
[2022-10-03 23:22:11] Path data has been written successfully in: results/path_info.csv
[2022-10-03 23:22:11] Plot has been saved successfully in: results/
[2022-10-03 23:23:35] Computed all estimation operations
[2022-10-03 23:23:35] Path data has been written successfully in: results/path_info.csv
[2022-10-03 23:23:36] Plot has been saved successfully in: results/
[2022-10-03 23:26:10] Computed all estimation operations
[2022-10-03 23:26:10] Path data has been written successfully in: results/path_info.csv
[2022-10-03 23:26:10] Plot has been saved successfully in: results/
[2022-10-03 23:27:32] Computed all estimation operations
[2022-10-03 23:27:32] Path data has been written successfully in: results/path_info.csv
[2022-10-03 23:27:33] Plot has been saved successfully in: results/
[2022-10-03 23:35:02] Computed all estimation operations
[2022-10-03 23:35:02] Path data has been written successfully in: results/path_info.csv
[2022-10-03 23:35:02] Plot has been saved successfully in: results/
[2022-10-03 23:35:03] Data has been written successfully in: results/raw_data/various.csv
[2022-10-03 23:35:03] Exiting start.py
[2022-10-03 23:37:04] Computed all estimation operations
[2022-10-03 23:37:04] Path data has been written successfully in: results/path_info.csv
[2022-10-03 23:37:04] Plot has been saved successfully in: results/
[2022-10-03 23:37:04] Data has been written successfully in: results/raw_data/various.csv
[2022-10-03 23:37:04] Exiting start.py
